TN:
SF:/Users/alina/Projects/zhulego_kalchevskaya_code/src/auth.c
FNL:0,21,45
FNA:0,3,login
FNL:1,47,48
FNA:1,0,get_current_user_role
FNL:2,9,19
FNA:2,0,register_user
FNF:3
FNH:1
DA:9,0
DA:11,0
DA:13,0
DA:16,0
DA:17,0
DA:18,0
DA:19,0
DA:21,3
DA:23,3
DA:25,3
DA:29,3
DA:30,3
DA:31,3
DA:32,2
DA:33,2
DA:34,2
DA:35,1
DA:36,1
DA:37,1
DA:39,0
DA:40,2
DA:41,3
DA:42,3
DA:43,3
DA:44,3
DA:45,3
DA:47,0
DA:48,0
LF:28
LH:18
end_of_record
TN:
SF:/Users/alina/Projects/zhulego_kalchevskaya_code/src/cars.c
FNL:0,13,34
FNA:0,0,add_car
FNL:1,36,60
FNA:1,0,update_car
FNL:2,6,11
FNA:2,1,list_cars
FNL:3,62,73
FNA:3,0,delete_car
FNF:4
FNH:1
DA:6,1
DA:8,1
DA:9,1
DA:10,1
DA:11,1
DA:13,0
DA:17,0
DA:18,0
DA:19,0
DA:20,0
DA:21,0
DA:22,0
DA:23,0
DA:24,0
DA:26,0
DA:28,0
DA:31,0
DA:32,0
DA:33,0
DA:34,0
DA:36,0
DA:41,0
DA:42,0
DA:43,0
DA:44,0
DA:45,0
DA:46,0
DA:47,0
DA:48,0
DA:49,0
DA:50,0
DA:52,0
DA:54,0
DA:57,0
DA:58,0
DA:59,0
DA:60,0
DA:62,0
DA:64,0
DA:65,0
DA:67,0
DA:69,0
DA:70,0
DA:71,0
DA:72,0
DA:73,0
LF:46
LH:5
end_of_record
TN:
SF:/Users/alina/Projects/zhulego_kalchevskaya_code/src/database.c
FNL:0,13,20
FNA:0,5,execute_query
FNL:1,23,28
FNA:1,15,callback
FNL:2,5,6
FNA:2,9,db_open
FNL:3,9,11
FNA:3,9,db_close
FNF:4
FNH:4
DA:5,9
DA:6,9
DA:9,9
DA:10,9
DA:11,9
DA:13,5
DA:14,5
DA:15,5
DA:16,5
DA:17,0
DA:18,0
DA:19,0
DA:20,5
DA:23,15
DA:24,84
DA:25,69
DA:26,69
DA:27,15
DA:28,15
LF:19
LH:16
end_of_record
TN:
SF:/Users/alina/Projects/zhulego_kalchevskaya_code/src/drivers.c
FNL:0,13,35
FNA:0,0,add_driver
FNL:1,37,62
FNA:1,0,update_driver
FNL:2,6,11
FNA:2,1,list_drivers
FNL:3,64,75
FNA:3,0,delete_driver
FNF:4
FNH:1
DA:6,1
DA:8,1
DA:9,1
DA:10,1
DA:11,1
DA:13,0
DA:16,0
DA:17,0
DA:18,0
DA:19,0
DA:20,0
DA:21,0
DA:22,0
DA:23,0
DA:24,0
DA:25,0
DA:27,0
DA:29,0
DA:32,0
DA:33,0
DA:34,0
DA:35,0
DA:37,0
DA:41,0
DA:42,0
DA:43,0
DA:44,0
DA:45,0
DA:46,0
DA:47,0
DA:48,0
DA:49,0
DA:50,0
DA:51,0
DA:52,0
DA:54,0
DA:56,0
DA:59,0
DA:60,0
DA:61,0
DA:62,0
DA:64,0
DA:66,0
DA:67,0
DA:69,0
DA:71,0
DA:72,0
DA:73,0
DA:74,0
DA:75,0
LF:50
LH:5
end_of_record
TN:
SF:/Users/alina/Projects/zhulego_kalchevskaya_code/src/orders.c
FNL:0,13,54
FNA:0,0,add_order
FNL:1,56,67
FNA:1,0,delete_order
FNL:2,6,11
FNA:2,1,list_orders
FNF:3
FNH:1
DA:6,1
DA:8,1
DA:9,1
DA:10,1
DA:11,1
DA:13,0
DA:17,0
DA:18,0
DA:19,0
DA:20,0
DA:21,0
DA:22,0
DA:23,0
DA:24,0
DA:25,0
DA:26,0
DA:27,0
DA:28,0
DA:30,0
DA:32,0
DA:33,0
DA:35,0
DA:36,0
DA:37,0
DA:38,0
DA:39,0
DA:40,0
DA:41,0
DA:42,0
DA:43,0
DA:44,0
DA:46,0
DA:48,0
DA:51,0
DA:52,0
DA:53,0
DA:54,0
DA:56,0
DA:58,0
DA:59,0
DA:61,0
DA:63,0
DA:64,0
DA:65,0
DA:66,0
DA:67,0
LF:46
LH:5
end_of_record
TN:
SF:/Users/alina/Projects/zhulego_kalchevskaya_code/src/reports.c
FNL:0,115,134
FNA:0,0,earnings_driver_period
FNL:1,30,49
FNA:1,0,orders_by_driver_period
FNL:2,51,65
FNA:2,0,car_total_stats
FNL:3,6,28
FNA:3,0,reports_menu
FNL:4,67,75
FNA:4,0,driver_statistics
FNL:5,77,85
FNA:5,0,driver_fewest_trips
FNL:6,87,95
FNA:6,0,car_highest_mileage
FNL:7,97,113
FNA:7,0,earnings_all_drivers_period
FNF:8
FNH:0
DA:6,0
DA:8,0
DA:9,0
DA:10,0
DA:11,0
DA:12,0
DA:13,0
DA:14,0
DA:15,0
DA:16,0
DA:17,0
DA:18,0
DA:19,0
DA:20,0
DA:21,0
DA:22,0
DA:23,0
DA:24,0
DA:25,0
DA:26,0
DA:27,0
DA:28,0
DA:30,0
DA:32,0
DA:33,0
DA:34,0
DA:35,0
DA:36,0
DA:37,0
DA:39,0
DA:41,0
DA:46,0
DA:47,0
DA:48,0
DA:49,0
DA:51,0
DA:53,0
DA:54,0
DA:56,0
DA:58,0
DA:62,0
DA:63,0
DA:64,0
DA:65,0
DA:67,0
DA:69,0
DA:70,0
DA:72,0
DA:73,0
DA:74,0
DA:75,0
DA:77,0
DA:79,0
DA:80,0
DA:82,0
DA:83,0
DA:84,0
DA:85,0
DA:87,0
DA:89,0
DA:90,0
DA:92,0
DA:93,0
DA:94,0
DA:95,0
DA:97,0
DA:99,0
DA:100,0
DA:101,0
DA:102,0
DA:104,0
DA:106,0
DA:110,0
DA:111,0
DA:112,0
DA:113,0
DA:115,0
DA:117,0
DA:118,0
DA:119,0
DA:120,0
DA:121,0
DA:122,0
DA:124,0
DA:126,0
DA:131,0
DA:132,0
DA:133,0
DA:134,0
LF:89
LH:0
end_of_record
TN:
SF:/Users/alina/Projects/zhulego_kalchevskaya_code/tests/test_auth_cunit.c
FNL:0,10,12
FNA:0,1,test_login_dispatcher
FNL:1,14,16
FNA:1,1,test_login_failure
FNL:2,18,27
FNA:2,1,main
FNL:3,6,8
FNA:3,1,test_login_admin
FNF:4
FNH:4
DA:6,1
DA:7,1
DA:8,1
DA:10,1
DA:11,1
DA:12,1
DA:14,1
DA:15,1
DA:16,1
DA:18,1
DA:19,1
DA:20,1
DA:21,1
DA:22,1
DA:23,1
DA:24,1
DA:25,1
DA:26,1
DA:27,1
LF:19
LH:19
end_of_record
TN:
SF:/Users/alina/Projects/zhulego_kalchevskaya_code/tests/test_cars_cunit.c
FNL:0,11,13
FNA:0,1,test_add_car
FNL:1,15,17
FNA:1,1,test_delete_car
FNL:2,19,28
FNA:2,1,main
FNL:3,6,9
FNA:3,1,test_list_cars
FNF:4
FNH:4
DA:6,1
DA:7,1
DA:8,1
DA:9,1
DA:11,1
DA:12,1
DA:13,1
DA:15,1
DA:16,1
DA:17,1
DA:19,1
DA:20,1
DA:21,1
DA:22,1
DA:23,1
DA:24,1
DA:25,1
DA:26,1
DA:27,1
DA:28,1
LF:20
LH:20
end_of_record
TN:
SF:/Users/alina/Projects/zhulego_kalchevskaya_code/tests/test_database_cunit.c
FNL:0,13,18
FNA:0,1,test_execute_query
FNL:1,20,26
FNA:1,1,test_cars_table_exists
FNL:2,28,37
FNA:2,1,main
FNL:3,7,11
FNA:3,1,test_db_open_close
FNF:4
FNH:4
DA:7,1
DA:9,1
DA:10,1
DA:11,1
DA:13,1
DA:15,1
DA:16,1
DA:17,1
DA:18,1
DA:20,1
DA:22,1
DA:23,1
DA:24,1
DA:25,1
DA:26,1
DA:28,1
DA:29,1
DA:30,1
DA:31,1
DA:32,1
DA:33,1
DA:34,1
DA:35,1
DA:36,1
DA:37,1
LF:25
LH:25
end_of_record
TN:
SF:/Users/alina/Projects/zhulego_kalchevskaya_code/tests/test_drivers_cunit.c
FNL:0,11,13
FNA:0,1,test_add_driver
FNL:1,15,17
FNA:1,1,test_delete_driver
FNL:2,19,28
FNA:2,1,main
FNL:3,6,9
FNA:3,1,test_list_drivers
FNF:4
FNH:4
DA:6,1
DA:7,1
DA:8,1
DA:9,1
DA:11,1
DA:12,1
DA:13,1
DA:15,1
DA:16,1
DA:17,1
DA:19,1
DA:20,1
DA:21,1
DA:22,1
DA:23,1
DA:24,1
DA:25,1
DA:26,1
DA:27,1
DA:28,1
LF:20
LH:20
end_of_record
TN:
SF:/Users/alina/Projects/zhulego_kalchevskaya_code/tests/test_orders_cunit.c
FNL:0,11,13
FNA:0,1,test_add_order
FNL:1,15,17
FNA:1,1,test_delete_order
FNL:2,19,28
FNA:2,1,main
FNL:3,6,9
FNA:3,1,test_list_orders
FNF:4
FNH:4
DA:6,1
DA:7,1
DA:8,1
DA:9,1
DA:11,1
DA:12,1
DA:13,1
DA:15,1
DA:16,1
DA:17,1
DA:19,1
DA:20,1
DA:21,1
DA:22,1
DA:23,1
DA:24,1
DA:25,1
DA:26,1
DA:27,1
DA:28,1
LF:20
LH:20
end_of_record
TN:
SF:/Users/alina/Projects/zhulego_kalchevskaya_code/tests/test_reports_cunit.c
FNL:0,10,12
FNA:0,1,test_orders_by_driver_period
FNL:1,14,16
FNA:1,1,test_car_total_stats
FNL:2,18,27
FNA:2,1,main
FNL:3,6,8
FNA:3,1,test_reports_menu
FNF:4
FNH:4
DA:6,1
DA:7,1
DA:8,1
DA:10,1
DA:11,1
DA:12,1
DA:14,1
DA:15,1
DA:16,1
DA:18,1
DA:19,1
DA:20,1
DA:21,1
DA:22,1
DA:23,1
DA:24,1
DA:25,1
DA:26,1
DA:27,1
LF:19
LH:19
end_of_record
